<?xml version="1.0" encoding="UTF-8"?>
<!-- Generated by org.testng.reporters.JUnitReportReporter -->
<testsuite hostname="ruhul" failures="0" tests="5" name="pagesTest.HomePageTest" time="47.607" errors="0" timestamp="2023-11-23T01:30:30 EST" skipped="0">
  <testcase classname="pagesTest.HomePageTest" name="autoButton" time="8.846"/>
  <testcase classname="pagesTest.HomePageTest" name="homeButtonTest" time="9.808"/>
  <testcase classname="pagesTest.HomePageTest" name="condoButton" time="9.730"/>
  <testcase classname="pagesTest.HomePageTest" name="rentersButton" time="9.200"/>
  <testcase classname="pagesTest.HomePageTest" name="LoginButtonTest" time="10.023"/>
</testsuite> <!-- pagesTest.HomePageTest -->
