<?xml version="1.0" encoding="UTF-8"?>
<!-- Generated by org.testng.reporters.JUnitReportReporter -->
<testsuite hostname="ruhul" failures="0" tests="11" name="pagesTest.HomePageTest" time="15.799" errors="0" timestamp="2023-11-24T03:08:17 EST" skipped="10">
  <testcase classname="pagesTest.HomePageTest" name="use_of_partial_linkText_as_locator_in_homeowner_insurance" time="15.799"/>
  <testcase classname="pagesTest.HomePageTest" name="use_of_xpath_as_locator_in_auto_button">
    <skipped/>
  </testcase> <!-- use_of_xpath_as_locator_in_auto_button -->
  <testcase classname="pagesTest.HomePageTest" name="use_of_linkText_as_locator_in_homeowner_insurance">
    <skipped/>
  </testcase> <!-- use_of_linkText_as_locator_in_homeowner_insurance -->
  <testcase classname="pagesTest.HomePageTest" name="condoButton">
    <skipped/>
  </testcase> <!-- condoButton -->
  <testcase classname="pagesTest.HomePageTest" name="rentersButton">
    <skipped/>
  </testcase> <!-- rentersButton -->
  <testcase classname="pagesTest.HomePageTest" name="inputTextInZipeCodeFieldThenClickGetMyPriceButtonTest">
    <skipped/>
  </testcase> <!-- inputTextInZipeCodeFieldThenClickGetMyPriceButtonTest -->
  <testcase classname="pagesTest.HomePageTest" name="homeButtonTest">
    <skipped/>
  </testcase> <!-- homeButtonTest -->
  <testcase classname="pagesTest.HomePageTest" name="inputTextInZipCodeFieldTest">
    <skipped/>
  </testcase> <!-- inputTextInZipCodeFieldTest -->
  <testcase classname="pagesTest.HomePageTest" name="LoginButtonTest">
    <skipped/>
  </testcase> <!-- LoginButtonTest -->
  <testcase classname="pagesTest.HomePageTest" name="clickLogoTest">
    <skipped/>
  </testcase> <!-- clickLogoTest -->
  <testcase classname="pagesTest.HomePageTest" name="autoButton">
    <skipped/>
  </testcase> <!-- autoButton -->
</testsuite> <!-- pagesTest.HomePageTest -->
